# JRE version: Java(TM) SE Runtime Environment (8.0_191-b12) (build 1.8.0_191-b12)
# Java VM: Java HotSpot(TM) 64-Bit Server VM (25.191-b12 mixed mode linux-amd64 compressed oops)
Heap:
 PSYoungGen      total 1243648K, used 51326K [0x000000076c700000, 0x00000007bbd80000, 0x00000007c0000000)
  eden space 1191936K, 0% used [0x000000076c700000,0x000000076c700000,0x00000007b5300000)
  from space 51712K, 99% used [0x00000007b5300000,0x00000007b851fbe0,0x00000007b8580000)
  to   space 46592K, 0% used [0x00000007b8580000,0x00000007b8580000,0x00000007bb300000)
 ParOldGen       total 285184K, used 50089K [0x00000006c5400000, 0x00000006d6a80000, 0x000000076c700000)
  object space 285184K, 17% used [0x00000006c5400000,0x00000006c84ea630,0x00000006d6a80000)
 Metaspace       used 116036K, capacity 117270K, committed 117548K, reserved 1153024K
  class space    used 14347K, capacity 14623K, committed 14636K, reserved 1048576K
GC Heap History (10 events):
Event: 19.180 GC heap after
Heap after GC invocations=18 (full 4):
 PSYoungGen      total 832000K, used 19220K [0x000000076c700000, 0x00000007a2000000, 0x00000007c0000000)
  eden space 797696K, 0% used [0x000000076c700000,0x000000076c700000,0x000000079d200000)
  from space 34304K, 56% used [0x000000079fe80000,0x00000007a1145108,0x00000007a2000000)
  to   space 39936K, 0% used [0x000000079d200000,0x000000079d200000,0x000000079f900000)
 ParOldGen       total 285184K, used 50049K [0x00000006c5400000, 0x00000006d6a80000, 0x000000076c700000)
  object space 285184K, 17% used [0x00000006c5400000,0x00000006c84e0630,0x00000006d6a80000)
 Metaspace       used 102149K, capacity 103352K, committed 103468K, reserved 1140736K
  class space    used 12311K, capacity 12588K, committed 12588K, reserved 1048576K
}
Event: 22.025 GC heap before
{Heap before GC invocations=19 (full 4):
 PSYoungGen      total 832000K, used 816916K [0x000000076c700000, 0x00000007a2000000, 0x00000007c0000000)
  eden space 797696K, 100% used [0x000000076c700000,0x000000079d200000,0x000000079d200000)
  from space 34304K, 56% used [0x000000079fe80000,0x00000007a1145108,0x00000007a2000000)
  to   space 39936K, 0% used [0x000000079d200000,0x000000079d200000,0x000000079f900000)
 ParOldGen       total 285184K, used 50049K [0x00000006c5400000, 0x00000006d6a80000, 0x000000076c700000)
  object space 285184K, 17% used [0x00000006c5400000,0x00000006c84e0630,0x00000006d6a80000)
 Metaspace       used 110340K, capacity 111592K, committed 111916K, reserved 1146880K
  class space    used 13547K, capacity 13840K, committed 13868K, reserved 1048576K
Event: 22.057 GC heap after
Heap after GC invocations=19 (full 4):
 PSYoungGen      total 837632K, used 27853K [0x000000076c700000, 0x00000007b0a80000, 0x00000007c0000000)
  eden space 797696K, 0% used [0x000000076c700000,0x000000076c700000,0x000000079d200000)
  from space 39936K, 69% used [0x000000079d200000,0x000000079ed33540,0x000000079f900000)
  to   space 41472K, 0% used [0x00000007ae200000,0x00000007ae200000,0x00000007b0a80000)
 ParOldGen       total 285184K, used 50057K [0x00000006c5400000, 0x00000006d6a80000, 0x000000076c700000)
  object space 285184K, 17% used [0x00000006c5400000,0x00000006c84e2630,0x00000006d6a80000)
 Metaspace       used 110340K, capacity 111592K, committed 111916K, reserved 1146880K
  class space    used 13547K, capacity 13840K, committed 13868K, reserved 1048576K
}
Event: 24.275 GC heap before
{Heap before GC invocations=20 (full 4):
 PSYoungGen      total 837632K, used 825549K [0x000000076c700000, 0x00000007b0a80000, 0x00000007c0000000)
  eden space 797696K, 100% used [0x000000076c700000,0x000000079d200000,0x000000079d200000)
  from space 39936K, 69% used [0x000000079d200000,0x000000079ed33540,0x000000079f900000)
  to   space 41472K, 0% used [0x00000007ae200000,0x00000007ae200000,0x00000007b0a80000)
 ParOldGen       total 285184K, used 50057K [0x00000006c5400000, 0x00000006d6a80000, 0x000000076c700000)
  object space 285184K, 17% used [0x00000006c5400000,0x00000006c84e2630,0x00000006d6a80000)
 Metaspace       used 111230K, capacity 112456K, committed 112812K, reserved 1148928K
  class space    used 13654K, capacity 13936K, committed 13996K, reserved 1048576K
Event: 24.298 GC heap after
Heap after GC invocations=20 (full 4):
 PSYoungGen      total 1043968K, used 25649K [0x000000076c700000, 0x00000007afb80000, 0x00000007c0000000)
  eden space 1017856K, 0% used [0x000000076c700000,0x000000076c700000,0x00000007aa900000)
  from space 26112K, 98% used [0x00000007ae200000,0x00000007afb0c618,0x00000007afb80000)
  to   space 41472K, 0% used [0x00000007aaa80000,0x00000007aaa80000,0x00000007ad300000)
 ParOldGen       total 285184K, used 50065K [0x00000006c5400000, 0x00000006d6a80000, 0x000000076c700000)
  object space 285184K, 17% used [0x00000006c5400000,0x00000006c84e4630,0x00000006d6a80000)
 Metaspace       used 111230K, capacity 112456K, committed 112812K, reserved 1148928K
  class space    used 13654K, capacity 13936K, committed 13996K, reserved 1048576K
}
Event: 27.348 GC heap before
{Heap before GC invocations=21 (full 4):
 PSYoungGen      total 1043968K, used 1043505K [0x000000076c700000, 0x00000007afb80000, 0x00000007c0000000)
  eden space 1017856K, 100% used [0x000000076c700000,0x00000007aa900000,0x00000007aa900000)
  from space 26112K, 98% used [0x00000007ae200000,0x00000007afb0c618,0x00000007afb80000)
  to   space 41472K, 0% used [0x00000007aaa80000,0x00000007aaa80000,0x00000007ad300000)
 ParOldGen       total 285184K, used 50065K [0x00000006c5400000, 0x00000006d6a80000, 0x000000076c700000)
  object space 285184K, 17% used [0x00000006c5400000,0x00000006c84e4630,0x00000006d6a80000)
 Metaspace       used 112776K, capacity 113956K, committed 114348K, reserved 1148928K
  class space    used 13858K, capacity 14140K, committed 14252K, reserved 1048576K
Event: 27.389 GC heap after
Heap after GC invocations=21 (full 4):
 PSYoungGen      total 1060864K, used 40413K [0x000000076c700000, 0x00000007bb300000, 0x00000007c0000000)
  eden space 1019392K, 0% used [0x000000076c700000,0x000000076c700000,0x00000007aaa80000)
  from space 41472K, 97% used [0x00000007aaa80000,0x00000007ad1f74f0,0x00000007ad300000)
  to   space 46592K, 0% used [0x00000007b8580000,0x00000007b8580000,0x00000007bb300000)
 ParOldGen       total 285184K, used 50073K [0x00000006c5400000, 0x00000006d6a80000, 0x000000076c700000)
  object space 285184K, 17% used [0x00000006c5400000,0x00000006c84e6630,0x00000006d6a80000)
 Metaspace       used 112776K, capacity 113956K, committed 114348K, reserved 1148928K
  class space    used 13858K, capacity 14140K, committed 14252K, reserved 1048576K
}
Event: 30.434 GC heap before
{Heap before GC invocations=22 (full 4):
 PSYoungGen      total 1060864K, used 1059805K [0x000000076c700000, 0x00000007bb300000, 0x00000007c0000000)
  eden space 1019392K, 100% used [0x000000076c700000,0x00000007aaa80000,0x00000007aaa80000)
  from space 41472K, 97% used [0x00000007aaa80000,0x00000007ad1f74f0,0x00000007ad300000)
  to   space 46592K, 0% used [0x00000007b8580000,0x00000007b8580000,0x00000007bb300000)
 ParOldGen       total 285184K, used 50073K [0x00000006c5400000, 0x00000006d6a80000, 0x000000076c700000)
  object space 285184K, 17% used [0x00000006c5400000,0x00000006c84e6630,0x00000006d6a80000)
 Metaspace       used 114296K, capacity 115492K, committed 115884K, reserved 1150976K
  class space    used 14111K, capacity 14396K, committed 14508K, reserved 1048576K
Event: 30.486 GC heap after
Heap after GC invocations=22 (full 4):
 PSYoungGen      total 1238528K, used 42521K [0x000000076c700000, 0x00000007bbd80000, 0x00000007c0000000)
  eden space 1191936K, 0% used [0x000000076c700000,0x000000076c700000,0x00000007b5300000)
  from space 46592K, 91% used [0x00000007b8580000,0x00000007baf06798,0x00000007bb300000)
  to   space 51712K, 0% used [0x00000007b5300000,0x00000007b5300000,0x00000007b8580000)
 ParOldGen       total 285184K, used 50081K [0x00000006c5400000, 0x00000006d6a80000, 0x000000076c700000)
  object space 285184K, 17% used [0x00000006c5400000,0x00000006c84e8630,0x00000006d6a80000)
 Metaspace       used 114296K, capacity 115492K, committed 115884K, reserved 1150976K
  class space    used 14111K, capacity 14396K, committed 14508K, reserved 1048576K
}
Event: 33.301 GC heap before
{Heap before GC invocations=23 (full 4):
 PSYoungGen      total 1238528K, used 1234457K [0x000000076c700000, 0x00000007bbd80000, 0x00000007c0000000)
  eden space 1191936K, 100% used [0x000000076c700000,0x00000007b5300000,0x00000007b5300000)
  from space 46592K, 91% used [0x00000007b8580000,0x00000007baf06798,0x00000007bb300000)
  to   space 51712K, 0% used [0x00000007b5300000,0x00000007b5300000,0x00000007b8580000)
 ParOldGen       total 285184K, used 50081K [0x00000006c5400000, 0x00000006d6a80000, 0x000000076c700000)
  object space 285184K, 17% used [0x00000006c5400000,0x00000006c84e8630,0x00000006d6a80000)
 Metaspace       used 116036K, capacity 117270K, committed 117548K, reserved 1153024K
  class space    used 14347K, capacity 14623K, committed 14636K, reserved 1048576K

